------------------|---------|----------|---------|---------|----------------------------------------
File              | % Stmts | % Branch | % Funcs | % Lines | Uncovered Line #s                      
------------------|---------|----------|---------|---------|----------------------------------------
All files         |   97.54 |    85.93 |   96.36 |   97.54 |                                        
 CanadianTaxes.js |   97.54 |    85.93 |   96.36 |   97.54 | ...,1009-1010,1155-1156,1214-1219,1294 
------------------|---------|----------|---------|---------|----------------------------------------
------------------|---------|----------|---------|---------|----------------------------------------
File              | % Stmts | % Branch | % Funcs | % Lines | Uncovered Line #s                      
------------------|---------|----------|---------|---------|----------------------------------------
All files         |   97.54 |    85.93 |   96.36 |   97.54 |                                        
 CanadianTaxes.js |   97.54 |    85.93 |   96.36 |   97.54 | ...,1009-1010,1155-1156,1214-1219,1294 
------------------|---------|----------|---------|---------|----------------------------------------
TN:
SF:CanadianTaxes.js
FN:24,log
FN:37,TEST_CANTAX
FN:159,FederalTaxRates2024
FN:209,get dividendGrossUp
FN:213,get nonEligibleDividendGrossUp
FN:221,year
FN:230,FederalTaxRates2025
FN:274,year
FN:284,OntarioTaxRates2024
FN:341,year
FN:350,OntarioTaxRates2025
FN:398,year
FN:405,FederalTaxes
FN:430,loadYear
FN:452,OntarioTaxes
FN:475,loadYear
FN:571,GET_GROSS_INCOMES_V2
FN:607,GET_NET_INCOMES_V2
FN:638,GET_INCOMETAX_V2
FN:654,getGrossIncomes
FN:675,getNetIncomes
FN:707,validateIncomeSettings
FN:731,taxData.getTaxItem
FN:762,prepTaxInput
FN:784,logTaxSummary
FN:819,CanadianIncomeTax
FN:828,adjustTaxBrackets
FN:839,findTotalTax
FN:861,getGrossIncome
FN:911,ProvincialTaxCalculations
FN:915,get ontTaxBracketInfo
FN:919,get ontHealthBracketInfo
FN:927,adjustTaxBrackets
FN:941,getNetProvincialTax
FN:964,getProvincialTaxCredits
FN:991,getProvBasicPersonalAmount
FN:1004,getAgeCredit
FN:1027,getProvincialMedicalExpenseCredit
FN:1049,FederalTaxCalculations
FN:1053,get dividendGrossUp
FN:1057,get capitalGainsInfo
FN:1061,get taxBracketInfo
FN:1069,adjustTaxBrackets
FN:1083,getNetFederalTax
FN:1103,getOASclawback
FN:1118,getFederalTaxCredits
FN:1150,getAgeCredit
FN:1173,getFederalBasicPersonalAmount
FN:1193,getFederalMedicalExpenseCredit
FN:1213,convertRowsToSingleArray
FN:1229,futureValue
FN:1239,inflateBracket
FN:1259,calculateTaxInBracket
FN:1275,getMarginalTaxRate
FN:1286,findBracket
FNF:55
FNH:53
FNDA:95,log
FNDA:1,TEST_CANTAX
FNDA:130,FederalTaxRates2024
FNDA:346,get dividendGrossUp
FNDA:313,get nonEligibleDividendGrossUp
FNDA:208,year
FNDA:26,FederalTaxRates2025
FNDA:52,year
FNDA:130,OntarioTaxRates2024
FNDA:208,year
FNDA:26,OntarioTaxRates2025
FNDA:52,year
FNDA:78,FederalTaxes
FNDA:78,loadYear
FNDA:78,OntarioTaxes
FNDA:78,loadYear
FNDA:33,GET_GROSS_INCOMES_V2
FNDA:33,GET_NET_INCOMES_V2
FNDA:0,GET_INCOMETAX_V2
FNDA:33,getGrossIncomes
FNDA:33,getNetIncomes
FNDA:66,validateIncomeSettings
FNDA:66,taxData.getTaxItem
FNDA:594,prepTaxInput
FNDA:66,logTaxSummary
FNDA:66,CanadianIncomeTax
FNDA:346,adjustTaxBrackets
FNDA:313,findTotalTax
FNDA:33,getGrossIncome
FNDA:66,ProvincialTaxCalculations
FNDA:33,get ontTaxBracketInfo
FNDA:33,get ontHealthBracketInfo
FNDA:346,adjustTaxBrackets
FNDA:313,getNetProvincialTax
FNDA:313,getProvincialTaxCredits
FNDA:313,getProvBasicPersonalAmount
FNDA:313,getAgeCredit
FNDA:313,getProvincialMedicalExpenseCredit
FNDA:66,FederalTaxCalculations
FNDA:33,get dividendGrossUp
FNDA:33,get capitalGainsInfo
FNDA:33,get taxBracketInfo
FNDA:346,adjustTaxBrackets
FNDA:313,getNetFederalTax
FNDA:313,getOASclawback
FNDA:313,getFederalTaxCredits
FNDA:313,getAgeCredit
FNDA:313,getFederalBasicPersonalAmount
FNDA:313,getFederalMedicalExpenseCredit
FNDA:0,convertRowsToSingleArray
FNDA:50,futureValue
FNDA:6,inflateBracket
FNDA:2257,calculateTaxInBracket
FNDA:692,getMarginalTaxRate
FNDA:2949,findBracket
DA:1,1
DA:2,1
DA:3,1
DA:4,1
DA:5,1
DA:6,1
DA:7,1
DA:8,1
DA:9,1
DA:10,1
DA:11,1
DA:12,1
DA:13,1
DA:14,1
DA:15,1
DA:16,1
DA:17,1
DA:18,1
DA:19,1
DA:20,1
DA:21,1
DA:22,1
DA:23,1
DA:24,1
DA:25,95
DA:26,95
DA:27,95
DA:28,1
DA:29,1
DA:30,1
DA:31,1
DA:32,1
DA:33,1
DA:34,1
DA:35,1
DA:36,1
DA:37,1
DA:38,1
DA:39,1
DA:40,1
DA:41,1
DA:42,1
DA:43,1
DA:44,1
DA:45,1
DA:46,1
DA:47,1
DA:48,1
DA:49,1
DA:50,1
DA:51,1
DA:52,1
DA:53,1
DA:54,1
DA:55,1
DA:56,1
DA:57,1
DA:58,1
DA:59,1
DA:60,1
DA:61,1
DA:62,1
DA:63,1
DA:64,1
DA:65,1
DA:66,1
DA:67,1
DA:68,1
DA:69,1
DA:70,1
DA:71,1
DA:72,1
DA:73,1
DA:74,1
DA:75,1
DA:76,1
DA:77,1
DA:78,1
DA:79,1
DA:80,1
DA:81,1
DA:82,1
DA:83,1
DA:84,1
DA:85,1
DA:86,1
DA:87,1
DA:88,1
DA:89,1
DA:90,1
DA:91,1
DA:92,33
DA:93,33
DA:94,33
DA:95,33
DA:96,33
DA:97,33
DA:98,33
DA:99,33
DA:100,33
DA:101,33
DA:102,33
DA:103,33
DA:104,33
DA:105,33
DA:106,33
DA:107,33
DA:108,33
DA:109,33
DA:110,33
DA:111,33
DA:112,33
DA:113,33
DA:114,33
DA:115,33
DA:116,33
DA:117,33
DA:118,33
DA:119,33
DA:120,33
DA:121,33
DA:122,33
DA:123,33
DA:124,33
DA:125,33
DA:126,33
DA:127,33
DA:128,33
DA:129,33
DA:130,33
DA:131,33
DA:132,33
DA:133,33
DA:134,33
DA:135,33
DA:136,1
DA:137,1
DA:138,1
DA:139,1
DA:140,0
DA:141,0
DA:142,0
DA:143,1
DA:144,1
DA:145,1
DA:146,1
DA:147,1
DA:148,1
DA:149,1
DA:150,1
DA:151,1
DA:152,1
DA:153,1
DA:154,1
DA:155,1
DA:156,1
DA:157,1
DA:158,1
DA:159,1
DA:160,130
DA:161,130
DA:162,130
DA:163,130
DA:164,130
DA:165,130
DA:166,130
DA:167,130
DA:168,130
DA:169,130
DA:170,130
DA:171,130
DA:172,130
DA:173,130
DA:174,130
DA:175,130
DA:176,130
DA:177,130
DA:178,130
DA:179,130
DA:180,130
DA:181,130
DA:182,130
DA:183,130
DA:184,130
DA:185,130
DA:186,130
DA:187,130
DA:188,130
DA:189,130
DA:190,130
DA:191,130
DA:192,130
DA:193,130
DA:194,130
DA:195,130
DA:196,130
DA:197,130
DA:198,130
DA:199,130
DA:200,130
DA:201,130
DA:202,130
DA:203,130
DA:204,130
DA:205,130
DA:206,130
DA:207,130
DA:208,1
DA:209,1
DA:210,346
DA:211,346
DA:212,1
DA:213,1
DA:214,313
DA:215,313
DA:216,1
DA:217,1
DA:218,1
DA:219,1
DA:220,1
DA:221,1
DA:222,208
DA:223,208
DA:224,1
DA:225,1
DA:226,1
DA:227,1
DA:228,1
DA:229,1
DA:230,1
DA:231,26
DA:232,26
DA:233,26
DA:234,26
DA:235,26
DA:236,26
DA:237,26
DA:238,26
DA:239,26
DA:240,26
DA:241,26
DA:242,26
DA:243,26
DA:244,26
DA:245,26
DA:246,26
DA:247,26
DA:248,26
DA:249,26
DA:250,26
DA:251,26
DA:252,26
DA:253,26
DA:254,26
DA:255,26
DA:256,26
DA:257,26
DA:258,26
DA:259,26
DA:260,26
DA:261,26
DA:262,26
DA:263,26
DA:264,26
DA:265,26
DA:266,26
DA:267,26
DA:268,26
DA:269,1
DA:270,1
DA:271,1
DA:272,1
DA:273,1
DA:274,1
DA:275,52
DA:276,52
DA:277,1
DA:278,1
DA:279,1
DA:280,1
DA:281,1
DA:282,1
DA:283,1
DA:284,1
DA:285,130
DA:286,130
DA:287,130
DA:288,130
DA:289,130
DA:290,130
DA:291,130
DA:292,130
DA:293,130
DA:294,130
DA:295,130
DA:296,130
DA:297,130
DA:298,130
DA:299,130
DA:300,130
DA:301,130
DA:302,130
DA:303,130
DA:304,130
DA:305,130
DA:306,130
DA:307,130
DA:308,130
DA:309,130
DA:310,130
DA:311,130
DA:312,130
DA:313,130
DA:314,130
DA:315,130
DA:316,130
DA:317,130
DA:318,130
DA:319,130
DA:320,130
DA:321,130
DA:322,130
DA:323,130
DA:324,130
DA:325,130
DA:326,130
DA:327,130
DA:328,130
DA:329,130
DA:330,130
DA:331,130
DA:332,130
DA:333,130
DA:334,130
DA:335,130
DA:336,1
DA:337,1
DA:338,1
DA:339,1
DA:340,1
DA:341,1
DA:342,208
DA:343,208
DA:344,1
DA:345,1
DA:346,1
DA:347,1
DA:348,1
DA:349,1
DA:350,1
DA:351,26
DA:352,26
DA:353,26
DA:354,26
DA:355,26
DA:356,26
DA:357,26
DA:358,26
DA:359,26
DA:360,26
DA:361,26
DA:362,26
DA:363,26
DA:364,26
DA:365,26
DA:366,26
DA:367,26
DA:368,26
DA:369,26
DA:370,26
DA:371,26
DA:372,26
DA:373,26
DA:374,26
DA:375,26
DA:376,26
DA:377,26
DA:378,26
DA:379,26
DA:380,26
DA:381,26
DA:382,26
DA:383,26
DA:384,26
DA:385,26
DA:386,26
DA:387,26
DA:388,26
DA:389,26
DA:390,26
DA:391,26
DA:392,26
DA:393,1
DA:394,1
DA:395,1
DA:396,1
DA:397,1
DA:398,1
DA:399,52
DA:400,52
DA:401,1
DA:402,1
DA:403,1
DA:404,1
DA:405,1
DA:406,78
DA:407,78
DA:408,78
DA:409,78
DA:410,78
DA:411,78
DA:412,76
DA:413,76
DA:414,2
DA:415,2
DA:416,2
DA:417,2
DA:418,2
DA:419,2
DA:420,2
DA:421,2
DA:422,2
DA:423,2
DA:424,78
DA:425,1
DA:426,1
DA:427,1
DA:428,1
DA:429,1
DA:430,1
DA:431,78
DA:432,78
DA:433,78
DA:434,78
DA:435,78
DA:436,78
DA:437,78
DA:438,78
DA:439,78
DA:440,104
DA:441,62
DA:442,62
DA:443,62
DA:444,104
DA:445,78
DA:446,78
DA:447,78
DA:448,1
DA:449,1
DA:450,1
DA:451,1
DA:452,1
DA:453,78
DA:454,78
DA:455,78
DA:456,78
DA:457,78
DA:458,76
DA:459,76
DA:460,2
DA:461,2
DA:462,2
DA:463,2
DA:464,2
DA:465,2
DA:466,2
DA:467,2
DA:468,2
DA:469,78
DA:470,1
DA:471,1
DA:472,1
DA:473,1
DA:474,1
DA:475,1
DA:476,78
DA:477,78
DA:478,78
DA:479,78
DA:480,78
DA:481,78
DA:482,78
DA:483,78
DA:484,78
DA:485,104
DA:486,62
DA:487,62
DA:488,62
DA:489,104
DA:490,78
DA:491,78
DA:492,78
DA:493,1
DA:494,1
DA:495,1
DA:496,1
DA:497,1
DA:498,1
DA:499,1
DA:500,1
DA:501,1
DA:502,1
DA:503,1
DA:504,1
DA:505,1
DA:506,1
DA:507,1
DA:508,1
DA:509,1
DA:510,1
DA:511,1
DA:512,1
DA:513,1
DA:514,1
DA:515,1
DA:516,1
DA:517,1
DA:518,1
DA:519,1
DA:520,1
DA:521,1
DA:522,1
DA:523,1
DA:524,1
DA:525,1
DA:526,1
DA:527,1
DA:528,1
DA:529,1
DA:530,1
DA:531,1
DA:532,1
DA:533,1
DA:534,1
DA:535,1
DA:536,1
DA:537,1
DA:538,1
DA:539,1
DA:540,1
DA:541,1
DA:542,1
DA:543,1
DA:544,1
DA:545,1
DA:546,1
DA:547,1
DA:548,1
DA:549,1
DA:550,1
DA:551,1
DA:552,1
DA:553,1
DA:554,1
DA:555,1
DA:556,1
DA:557,1
DA:558,1
DA:559,1
DA:560,1
DA:561,1
DA:562,1
DA:563,1
DA:564,1
DA:565,1
DA:566,1
DA:567,1
DA:568,1
DA:569,1
DA:570,1
DA:571,33
DA:572,33
DA:573,33
DA:574,33
DA:575,33
DA:576,33
DA:577,33
DA:578,33
DA:579,33
DA:580,33
DA:581,33
DA:582,33
DA:583,33
DA:584,33
DA:585,33
DA:586,33
DA:587,33
DA:588,33
DA:589,33
DA:590,1
DA:591,1
DA:592,1
DA:593,1
DA:594,1
DA:595,1
DA:596,1
DA:597,1
DA:598,1
DA:599,1
DA:600,1
DA:601,1
DA:602,1
DA:603,1
DA:604,1
DA:605,1
DA:606,1
DA:607,33
DA:608,33
DA:609,33
DA:610,33
DA:611,33
DA:612,33
DA:613,33
DA:614,33
DA:615,33
DA:616,33
DA:617,33
DA:618,33
DA:619,33
DA:620,33
DA:621,33
DA:622,33
DA:623,33
DA:624,1
DA:625,1
DA:626,1
DA:627,1
DA:628,1
DA:629,1
DA:630,1
DA:631,1
DA:632,1
DA:633,1
DA:634,1
DA:635,1
DA:636,1
DA:637,1
DA:638,0
DA:639,0
DA:640,0
DA:641,0
DA:642,0
DA:643,0
DA:644,0
DA:645,0
DA:646,0
DA:647,1
DA:648,1
DA:649,1
DA:650,1
DA:651,1
DA:652,1
DA:653,1
DA:654,1
DA:655,33
DA:656,33
DA:657,33
DA:658,33
DA:659,33
DA:660,33
DA:661,33
DA:662,33
DA:663,33
DA:664,33
DA:665,33
DA:666,33
DA:667,33
DA:668,1
DA:669,1
DA:670,1
DA:671,1
DA:672,1
DA:673,1
DA:674,1
DA:675,1
DA:676,33
DA:677,33
DA:678,33
DA:679,33
DA:680,33
DA:681,33
DA:682,33
DA:683,33
DA:684,33
DA:685,33
DA:686,33
DA:687,33
DA:688,33
DA:689,1
DA:690,1
DA:691,1
DA:692,1
DA:693,1
DA:694,1
DA:695,1
DA:696,1
DA:697,1
DA:698,1
DA:699,1
DA:700,1
DA:701,1
DA:702,1
DA:703,1
DA:704,1
DA:705,1
DA:706,1
DA:707,1
DA:708,66
DA:709,66
DA:710,66
DA:711,66
DA:712,66
DA:713,66
DA:714,66
DA:715,66
DA:716,66
DA:717,66
DA:718,66
DA:719,66
DA:720,66
DA:721,66
DA:722,66
DA:723,66
DA:724,66
DA:725,66
DA:726,66
DA:727,66
DA:728,66
DA:729,66
DA:730,66
DA:731,66
DA:732,66
DA:733,66
DA:734,66
DA:735,66
DA:736,66
DA:737,66
DA:738,66
DA:739,66
DA:740,66
DA:741,66
DA:742,66
DA:743,66
DA:744,66
DA:745,66
DA:746,66
DA:747,66
DA:748,66
DA:749,66
DA:750,66
DA:751,66
DA:752,66
DA:753,1
DA:754,1
DA:755,1
DA:756,1
DA:757,1
DA:758,1
DA:759,1
DA:760,1
DA:761,1
DA:762,1
DA:763,594
DA:764,594
DA:765,0
DA:766,0
DA:767,594
DA:768,594
DA:769,594
DA:770,594
DA:771,594
DA:772,594
DA:773,594
DA:774,594
DA:775,594
DA:776,594
DA:777,594
DA:778,594
DA:779,1
DA:780,1
DA:781,1
DA:782,1
DA:783,1
DA:784,1
DA:785,66
DA:786,64
DA:787,64
DA:788,2
DA:789,2
DA:790,2
DA:791,2
DA:792,2
DA:793,2
DA:794,2
DA:795,2
DA:796,2
DA:797,2
DA:798,2
DA:799,2
DA:800,2
DA:801,2
DA:802,2
DA:803,2
DA:804,2
DA:805,2
DA:806,2
DA:807,2
DA:808,2
DA:809,2
DA:810,66
DA:811,1
DA:812,1
DA:813,1
DA:814,1
DA:815,1
DA:816,1
DA:817,1
DA:818,1
DA:819,1
DA:820,66
DA:821,66
DA:822,66
DA:823,1
DA:824,1
DA:825,1
DA:826,1
DA:827,1
DA:828,1
DA:829,346
DA:830,346
DA:831,346
DA:832,1
DA:833,1
DA:834,1
DA:835,1
DA:836,1
DA:837,1
DA:838,1
DA:839,1
DA:840,313
DA:841,0
DA:842,0
DA:843,313
DA:844,313
DA:845,313
DA:846,313
DA:847,313
DA:848,313
DA:849,313
DA:850,313
DA:851,313
DA:852,313
DA:853,313
DA:854,313
DA:855,1
DA:856,1
DA:857,1
DA:858,1
DA:859,1
DA:860,1
DA:861,1
DA:862,33
DA:863,33
DA:864,33
DA:865,33
DA:866,33
DA:867,33
DA:868,33
DA:869,33
DA:870,33
DA:871,33
DA:872,33
DA:873,33
DA:874,33
DA:875,33
DA:876,33
DA:877,33
DA:878,33
DA:879,33
DA:880,247
DA:881,247
DA:882,247
DA:883,247
DA:884,247
DA:885,247
DA:886,247
DA:887,247
DA:888,247
DA:889,0
DA:890,0
DA:891,0
DA:892,247
DA:893,247
DA:894,247
DA:895,247
DA:896,247
DA:897,33
DA:898,33
DA:899,33
DA:900,1
DA:901,1
DA:902,1
DA:903,1
DA:904,1
DA:905,1
DA:906,1
DA:907,1
DA:908,1
DA:909,1
DA:910,1
DA:911,1
DA:912,66
DA:913,66
DA:914,1
DA:915,1
DA:916,33
DA:917,33
DA:918,1
DA:919,1
DA:920,33
DA:921,33
DA:922,1
DA:923,1
DA:924,1
DA:925,1
DA:926,1
DA:927,1
DA:928,346
DA:929,346
DA:930,334
DA:931,334
DA:932,12
DA:933,12
DA:934,346
DA:935,1
DA:936,1
DA:937,1
DA:938,1
DA:939,1
DA:940,1
DA:941,1
DA:942,313
DA:943,313
DA:944,313
DA:945,313
DA:946,313
DA:947,313
DA:948,313
DA:949,313
DA:950,313
DA:951,313
DA:952,14
DA:953,14
DA:954,313
DA:955,313
DA:956,313
DA:957,313
DA:958,1
DA:959,1
DA:960,1
DA:961,1
DA:962,1
DA:963,1
DA:964,1
DA:965,313
DA:966,313
DA:967,313
DA:968,313
DA:969,313
DA:970,313
DA:971,313
DA:972,313
DA:973,313
DA:974,313
DA:975,313
DA:976,313
DA:977,313
DA:978,313
DA:979,313
DA:980,0
DA:981,0
DA:982,313
DA:983,313
DA:984,313
DA:985,1
DA:986,1
DA:987,1
DA:988,1
DA:989,1
DA:990,1
DA:991,1
DA:992,313
DA:993,313
DA:994,1
DA:995,1
DA:996,1
DA:997,1
DA:998,1
DA:999,1
DA:1000,1
DA:1001,1
DA:1002,1
DA:1003,1
DA:1004,1
DA:1005,313
DA:1006,59
DA:1007,59
DA:1008,313
DA:1009,0
DA:1010,0
DA:1011,254
DA:1012,254
DA:1013,254
DA:1014,254
DA:1015,313
DA:1016,195
DA:1017,195
DA:1018,254
DA:1019,254
DA:1020,313
DA:1021,1
DA:1022,1
DA:1023,1
DA:1024,1
DA:1025,1
DA:1026,1
DA:1027,1
DA:1028,313
DA:1029,313
DA:1030,313
DA:1031,313
DA:1032,313
DA:1033,313
DA:1034,313
DA:1035,313
DA:1036,313
DA:1037,1
DA:1038,1
DA:1039,1
DA:1040,1
DA:1041,1
DA:1042,1
DA:1043,1
DA:1044,1
DA:1045,1
DA:1046,1
DA:1047,1
DA:1048,1
DA:1049,1
DA:1050,66
DA:1051,66
DA:1052,1
DA:1053,1
DA:1054,33
DA:1055,33
DA:1056,1
DA:1057,1
DA:1058,33
DA:1059,33
DA:1060,1
DA:1061,1
DA:1062,33
DA:1063,33
DA:1064,1
DA:1065,1
DA:1066,1
DA:1067,1
DA:1068,1
DA:1069,1
DA:1070,346
DA:1071,346
DA:1072,334
DA:1073,334
DA:1074,12
DA:1075,12
DA:1076,346
DA:1077,1
DA:1078,1
DA:1079,1
DA:1080,1
DA:1081,1
DA:1082,1
DA:1083,1
DA:1084,313
DA:1085,313
DA:1086,313
DA:1087,313
DA:1088,313
DA:1089,313
DA:1090,313
DA:1091,313
DA:1092,313
DA:1093,313
DA:1094,313
DA:1095,313
DA:1096,1
DA:1097,1
DA:1098,1
DA:1099,1
DA:1100,1
DA:1101,1
DA:1102,1
DA:1103,1
DA:1104,313
DA:1105,313
DA:1106,313
DA:1107,216
DA:1108,216
DA:1109,216
DA:1110,313
DA:1111,313
DA:1112,1
DA:1113,1
DA:1114,1
DA:1115,1
DA:1116,1
DA:1117,1
DA:1118,1
DA:1119,313
DA:1120,313
DA:1121,313
DA:1122,313
DA:1123,313
DA:1124,313
DA:1125,313
DA:1126,313
DA:1127,313
DA:1128,313
DA:1129,313
DA:1130,313
DA:1131,313
DA:1132,313
DA:1133,313
DA:1134,313
DA:1135,5
DA:1136,5
DA:1137,308
DA:1138,308
DA:1139,313
DA:1140,1
DA:1141,1
DA:1142,1
DA:1143,1
DA:1144,1
DA:1145,1
DA:1146,1
DA:1147,1
DA:1148,1
DA:1149,1
DA:1150,1
DA:1151,313
DA:1152,59
DA:1153,59
DA:1154,313
DA:1155,0
DA:1156,0
DA:1157,254
DA:1158,254
DA:1159,254
DA:1160,254
DA:1161,313
DA:1162,184
DA:1163,184
DA:1164,254
DA:1165,254
DA:1166,313
DA:1167,1
DA:1168,1
DA:1169,1
DA:1170,1
DA:1171,1
DA:1172,1
DA:1173,1
DA:1174,313
DA:1175,313
DA:1176,313
DA:1177,127
DA:1178,127
DA:1179,53
DA:1180,53
DA:1181,127
DA:1182,313
DA:1183,313
DA:1184,313
DA:1185,313
DA:1186,313
DA:1187,1
DA:1188,1
DA:1189,1
DA:1190,1
DA:1191,1
DA:1192,1
DA:1193,1
DA:1194,313
DA:1195,313
DA:1196,313
DA:1197,313
DA:1198,313
DA:1199,313
DA:1200,313
DA:1201,313
DA:1202,313
DA:1203,1
DA:1204,1
DA:1205,1
DA:1206,1
DA:1207,1
DA:1208,1
DA:1209,1
DA:1210,1
DA:1211,1
DA:1212,1
DA:1213,1
DA:1214,0
DA:1215,0
DA:1216,0
DA:1217,0
DA:1218,0
DA:1219,0
DA:1220,1
DA:1221,1
DA:1222,1
DA:1223,1
DA:1224,1
DA:1225,1
DA:1226,1
DA:1227,1
DA:1228,1
DA:1229,1
DA:1230,50
DA:1231,50
DA:1232,1
DA:1233,1
DA:1234,1
DA:1235,1
DA:1236,1
DA:1237,1
DA:1238,1
DA:1239,1
DA:1240,6
DA:1241,6
DA:1242,6
DA:1243,26
DA:1244,26
DA:1245,26
DA:1246,20
DA:1247,20
DA:1248,20
DA:1249,26
DA:1250,6
DA:1251,6
DA:1252,6
DA:1253,1
DA:1254,1
DA:1255,1
DA:1256,1
DA:1257,1
DA:1258,1
DA:1259,1
DA:1260,2257
DA:1261,2257
DA:1262,2257
DA:1263,2257
DA:1264,2257
DA:1265,2257
DA:1266,2257
DA:1267,2257
DA:1268,1
DA:1269,1
DA:1270,1
DA:1271,1
DA:1272,1
DA:1273,1
DA:1274,1
DA:1275,1
DA:1276,692
DA:1277,692
DA:1278,692
DA:1279,1
DA:1280,1
DA:1281,1
DA:1282,1
DA:1283,1
DA:1284,1
DA:1285,1
DA:1286,1
DA:1287,2949
DA:1288,2949
DA:1289,2949
DA:1290,8127
DA:1291,2949
DA:1292,2949
DA:1293,8127
DA:1294,0
DA:1295,2949
DA:1296,1
DA:1297,1
DA:1298,1
DA:1299,1
DA:1300,1
DA:1301,1
DA:1302,1
DA:1303,1
LF:1303
LH:1271
BRDA:1,0,0,1
BRDA:24,1,0,95
BRDA:37,2,0,1
BRDA:91,3,0,33
BRDA:126,4,0,0
BRDA:129,5,0,0
BRDA:132,6,0,0
BRDA:140,7,0,0
BRDA:159,8,0,130
BRDA:209,9,0,346
BRDA:213,10,0,313
BRDA:221,11,0,208
BRDA:230,12,0,26
BRDA:274,13,0,52
BRDA:284,14,0,130
BRDA:341,15,0,208
BRDA:350,16,0,26
BRDA:398,17,0,52
BRDA:405,18,0,78
BRDA:411,19,0,16
BRDA:411,20,0,76
BRDA:414,21,0,2
BRDA:430,22,0,78
BRDA:439,23,0,104
BRDA:440,24,0,62
BRDA:452,25,0,78
BRDA:457,26,0,16
BRDA:457,27,0,76
BRDA:460,28,0,2
BRDA:475,29,0,78
BRDA:484,30,0,104
BRDA:485,31,0,62
BRDA:571,32,0,33
BRDA:572,33,0,1
BRDA:607,34,0,33
BRDA:654,35,0,33
BRDA:675,36,0,33
BRDA:707,37,0,66
BRDA:708,38,0,0
BRDA:709,39,0,0
BRDA:720,40,0,0
BRDA:721,41,0,0
BRDA:722,42,0,0
BRDA:731,43,0,66
BRDA:762,44,0,594
BRDA:764,45,0,0
BRDA:768,46,0,0
BRDA:773,47,0,66
BRDA:773,48,0,528
BRDA:784,49,0,66
BRDA:785,50,0,64
BRDA:788,51,0,2
BRDA:819,52,0,66
BRDA:828,53,0,346
BRDA:839,54,0,313
BRDA:840,55,0,0
BRDA:861,56,0,33
BRDA:879,57,0,247
BRDA:879,58,0,247
BRDA:883,59,0,7
BRDA:888,60,0,0
BRDA:895,61,0,7
BRDA:911,62,0,66
BRDA:915,63,0,33
BRDA:919,64,0,33
BRDA:927,65,0,346
BRDA:929,66,0,334
BRDA:932,67,0,12
BRDA:941,68,0,313
BRDA:951,69,0,14
BRDA:964,70,0,313
BRDA:966,71,0,104
BRDA:967,72,0,209
BRDA:979,73,0,0
BRDA:991,74,0,313
BRDA:1004,75,0,313
BRDA:1005,76,0,59
BRDA:1008,77,0,254
BRDA:1008,78,0,0
BRDA:1011,79,0,254
BRDA:1015,80,0,195
BRDA:1018,81,0,254
BRDA:1027,82,0,313
BRDA:1030,83,0,207
BRDA:1031,84,0,106
BRDA:1035,85,0,228
BRDA:1035,86,0,85
BRDA:1049,87,0,66
BRDA:1053,88,0,33
BRDA:1057,89,0,33
BRDA:1061,90,0,33
BRDA:1069,91,0,346
BRDA:1071,92,0,334
BRDA:1074,93,0,12
BRDA:1083,94,0,313
BRDA:1103,95,0,313
BRDA:1106,96,0,216
BRDA:1108,97,0,205
BRDA:1108,98,0,11
BRDA:1118,99,0,313
BRDA:1120,100,0,0
BRDA:1134,101,0,5
BRDA:1137,102,0,308
BRDA:1150,103,0,313
BRDA:1151,104,0,59
BRDA:1154,105,0,254
BRDA:1154,106,0,0
BRDA:1157,107,0,254
BRDA:1161,108,0,184
BRDA:1164,109,0,254
BRDA:1173,110,0,313
BRDA:1176,111,0,127
BRDA:1178,112,0,53
BRDA:1193,113,0,313
BRDA:1196,114,0,215
BRDA:1197,115,0,98
BRDA:1201,116,0,228
BRDA:1201,117,0,85
BRDA:1229,118,0,50
BRDA:1239,119,0,6
BRDA:1242,120,0,26
BRDA:1245,121,0,20
BRDA:1259,122,0,2257
BRDA:1275,123,0,692
BRDA:1286,124,0,2949
BRDA:1289,125,0,8127
BRDA:1290,126,0,2949
BRDA:1294,127,0,0
BRF:128
BRH:110
end_of_record
