------------------|---------|----------|---------|---------|----------------------------------------
File              | % Stmts | % Branch | % Funcs | % Lines | Uncovered Line #s                      
------------------|---------|----------|---------|---------|----------------------------------------
All files         |   97.38 |    85.93 |   94.64 |   97.38 |                                        
 CanadianTaxes.js |   97.38 |    85.93 |   94.64 |   97.38 | ...,1008-1009,1154-1155,1213-1218,1293 
------------------|---------|----------|---------|---------|----------------------------------------
------------------|---------|----------|---------|---------|----------------------------------------
File              | % Stmts | % Branch | % Funcs | % Lines | Uncovered Line #s                      
------------------|---------|----------|---------|---------|----------------------------------------
All files         |   97.38 |    85.93 |   94.64 |   97.38 |                                        
 CanadianTaxes.js |   97.38 |    85.93 |   94.64 |   97.38 | ...,1008-1009,1154-1155,1213-1218,1293 
------------------|---------|----------|---------|---------|----------------------------------------
TN:
SF:CanadianTaxes.js
FN:20,log
FN:32,TEST_CANTAX
FN:154,FederalTaxRates2024
FN:204,get dividendGrossUp
FN:208,get nonEligibleDividendGrossUp
FN:216,year
FN:225,FederalTaxRates2025
FN:269,year
FN:279,OntarioTaxRates2024
FN:336,year
FN:345,OntarioTaxRates2025
FN:393,year
FN:400,FederalTaxes
FN:425,loadYear
FN:447,OntarioTaxes
FN:470,loadYear
FN:566,GET_GROSS_INCOMES_V2
FN:602,GET_NET_INCOMES_V2
FN:633,GET_INCOMETAX_V2
FN:649,getGrossIncomes
FN:670,getNetIncomes
FN:702,validateIncomeSettings
FN:726,taxData.getTaxItem
FN:757,prepTaxInput
FN:779,logTaxSummary
FN:814,CanadianIncomeTax
FN:823,adjustTaxBrackets
FN:834,findTotalTax
FN:856,getGrossIncome
FN:906,ProvincialTaxCalculations
FN:910,get ontTaxBracketInfo
FN:914,get ontHealthBracketInfo
FN:918,get ageExcessPercent
FN:926,adjustTaxBrackets
FN:940,getNetProvincialTax
FN:963,getProvincialTaxCredits
FN:990,getProvBasicPersonalAmount
FN:1003,getAgeCredit
FN:1026,getProvincialMedicalExpenseCredit
FN:1048,FederalTaxCalculations
FN:1052,get dividendGrossUp
FN:1056,get capitalGainsInfo
FN:1060,get taxBracketInfo
FN:1068,adjustTaxBrackets
FN:1082,getNetFederalTax
FN:1102,getOASclawback
FN:1117,getFederalTaxCredits
FN:1149,getAgeCredit
FN:1172,getFederalBasicPersonalAmount
FN:1192,getFederalMedicalExpenseCredit
FN:1212,convertRowsToSingleArray
FN:1228,futureValue
FN:1238,inflateBracket
FN:1258,calculateTaxInBracket
FN:1274,getMarginalTaxRate
FN:1285,findBracket
FNF:56
FNH:53
FNDA:95,log
FNDA:1,TEST_CANTAX
FNDA:130,FederalTaxRates2024
FNDA:346,get dividendGrossUp
FNDA:313,get nonEligibleDividendGrossUp
FNDA:208,year
FNDA:26,FederalTaxRates2025
FNDA:52,year
FNDA:130,OntarioTaxRates2024
FNDA:208,year
FNDA:26,OntarioTaxRates2025
FNDA:52,year
FNDA:78,FederalTaxes
FNDA:78,loadYear
FNDA:78,OntarioTaxes
FNDA:78,loadYear
FNDA:33,GET_GROSS_INCOMES_V2
FNDA:33,GET_NET_INCOMES_V2
FNDA:0,GET_INCOMETAX_V2
FNDA:33,getGrossIncomes
FNDA:33,getNetIncomes
FNDA:66,validateIncomeSettings
FNDA:66,taxData.getTaxItem
FNDA:594,prepTaxInput
FNDA:66,logTaxSummary
FNDA:66,CanadianIncomeTax
FNDA:346,adjustTaxBrackets
FNDA:313,findTotalTax
FNDA:33,getGrossIncome
FNDA:66,ProvincialTaxCalculations
FNDA:33,get ontTaxBracketInfo
FNDA:33,get ontHealthBracketInfo
FNDA:0,get ageExcessPercent
FNDA:346,adjustTaxBrackets
FNDA:313,getNetProvincialTax
FNDA:313,getProvincialTaxCredits
FNDA:313,getProvBasicPersonalAmount
FNDA:313,getAgeCredit
FNDA:313,getProvincialMedicalExpenseCredit
FNDA:66,FederalTaxCalculations
FNDA:33,get dividendGrossUp
FNDA:33,get capitalGainsInfo
FNDA:33,get taxBracketInfo
FNDA:346,adjustTaxBrackets
FNDA:313,getNetFederalTax
FNDA:313,getOASclawback
FNDA:313,getFederalTaxCredits
FNDA:313,getAgeCredit
FNDA:313,getFederalBasicPersonalAmount
FNDA:313,getFederalMedicalExpenseCredit
FNDA:0,convertRowsToSingleArray
FNDA:50,futureValue
FNDA:6,inflateBracket
FNDA:2257,calculateTaxInBracket
FNDA:692,getMarginalTaxRate
FNDA:2949,findBracket
DA:1,1
DA:2,1
DA:3,1
DA:4,1
DA:5,1
DA:6,1
DA:7,1
DA:8,1
DA:9,1
DA:10,1
DA:11,1
DA:12,1
DA:13,1
DA:14,1
DA:15,1
DA:16,1
DA:17,1
DA:18,1
DA:19,1
DA:20,1
DA:21,95
DA:22,95
DA:23,1
DA:24,1
DA:25,1
DA:26,1
DA:27,1
DA:28,1
DA:29,1
DA:30,1
DA:31,1
DA:32,1
DA:33,1
DA:34,1
DA:35,1
DA:36,1
DA:37,1
DA:38,1
DA:39,1
DA:40,1
DA:41,1
DA:42,1
DA:43,1
DA:44,1
DA:45,1
DA:46,1
DA:47,1
DA:48,1
DA:49,1
DA:50,1
DA:51,1
DA:52,1
DA:53,1
DA:54,1
DA:55,1
DA:56,1
DA:57,1
DA:58,1
DA:59,1
DA:60,1
DA:61,1
DA:62,1
DA:63,1
DA:64,1
DA:65,1
DA:66,1
DA:67,1
DA:68,1
DA:69,1
DA:70,1
DA:71,1
DA:72,1
DA:73,1
DA:74,1
DA:75,1
DA:76,1
DA:77,1
DA:78,1
DA:79,1
DA:80,1
DA:81,1
DA:82,1
DA:83,1
DA:84,1
DA:85,1
DA:86,1
DA:87,33
DA:88,33
DA:89,33
DA:90,33
DA:91,33
DA:92,33
DA:93,33
DA:94,33
DA:95,33
DA:96,33
DA:97,33
DA:98,33
DA:99,33
DA:100,33
DA:101,33
DA:102,33
DA:103,33
DA:104,33
DA:105,33
DA:106,33
DA:107,33
DA:108,33
DA:109,33
DA:110,33
DA:111,33
DA:112,33
DA:113,33
DA:114,33
DA:115,33
DA:116,33
DA:117,33
DA:118,33
DA:119,33
DA:120,33
DA:121,33
DA:122,33
DA:123,33
DA:124,33
DA:125,33
DA:126,33
DA:127,33
DA:128,33
DA:129,33
DA:130,33
DA:131,1
DA:132,1
DA:133,1
DA:134,1
DA:135,0
DA:136,0
DA:137,0
DA:138,1
DA:139,1
DA:140,1
DA:141,1
DA:142,1
DA:143,1
DA:144,1
DA:145,1
DA:146,1
DA:147,1
DA:148,1
DA:149,1
DA:150,1
DA:151,1
DA:152,1
DA:153,1
DA:154,1
DA:155,130
DA:156,130
DA:157,130
DA:158,130
DA:159,130
DA:160,130
DA:161,130
DA:162,130
DA:163,130
DA:164,130
DA:165,130
DA:166,130
DA:167,130
DA:168,130
DA:169,130
DA:170,130
DA:171,130
DA:172,130
DA:173,130
DA:174,130
DA:175,130
DA:176,130
DA:177,130
DA:178,130
DA:179,130
DA:180,130
DA:181,130
DA:182,130
DA:183,130
DA:184,130
DA:185,130
DA:186,130
DA:187,130
DA:188,130
DA:189,130
DA:190,130
DA:191,130
DA:192,130
DA:193,130
DA:194,130
DA:195,130
DA:196,130
DA:197,130
DA:198,130
DA:199,130
DA:200,130
DA:201,130
DA:202,130
DA:203,1
DA:204,1
DA:205,346
DA:206,346
DA:207,1
DA:208,1
DA:209,313
DA:210,313
DA:211,1
DA:212,1
DA:213,1
DA:214,1
DA:215,1
DA:216,1
DA:217,208
DA:218,208
DA:219,1
DA:220,1
DA:221,1
DA:222,1
DA:223,1
DA:224,1
DA:225,1
DA:226,26
DA:227,26
DA:228,26
DA:229,26
DA:230,26
DA:231,26
DA:232,26
DA:233,26
DA:234,26
DA:235,26
DA:236,26
DA:237,26
DA:238,26
DA:239,26
DA:240,26
DA:241,26
DA:242,26
DA:243,26
DA:244,26
DA:245,26
DA:246,26
DA:247,26
DA:248,26
DA:249,26
DA:250,26
DA:251,26
DA:252,26
DA:253,26
DA:254,26
DA:255,26
DA:256,26
DA:257,26
DA:258,26
DA:259,26
DA:260,26
DA:261,26
DA:262,26
DA:263,26
DA:264,1
DA:265,1
DA:266,1
DA:267,1
DA:268,1
DA:269,1
DA:270,52
DA:271,52
DA:272,1
DA:273,1
DA:274,1
DA:275,1
DA:276,1
DA:277,1
DA:278,1
DA:279,1
DA:280,130
DA:281,130
DA:282,130
DA:283,130
DA:284,130
DA:285,130
DA:286,130
DA:287,130
DA:288,130
DA:289,130
DA:290,130
DA:291,130
DA:292,130
DA:293,130
DA:294,130
DA:295,130
DA:296,130
DA:297,130
DA:298,130
DA:299,130
DA:300,130
DA:301,130
DA:302,130
DA:303,130
DA:304,130
DA:305,130
DA:306,130
DA:307,130
DA:308,130
DA:309,130
DA:310,130
DA:311,130
DA:312,130
DA:313,130
DA:314,130
DA:315,130
DA:316,130
DA:317,130
DA:318,130
DA:319,130
DA:320,130
DA:321,130
DA:322,130
DA:323,130
DA:324,130
DA:325,130
DA:326,130
DA:327,130
DA:328,130
DA:329,130
DA:330,130
DA:331,1
DA:332,1
DA:333,1
DA:334,1
DA:335,1
DA:336,1
DA:337,208
DA:338,208
DA:339,1
DA:340,1
DA:341,1
DA:342,1
DA:343,1
DA:344,1
DA:345,1
DA:346,26
DA:347,26
DA:348,26
DA:349,26
DA:350,26
DA:351,26
DA:352,26
DA:353,26
DA:354,26
DA:355,26
DA:356,26
DA:357,26
DA:358,26
DA:359,26
DA:360,26
DA:361,26
DA:362,26
DA:363,26
DA:364,26
DA:365,26
DA:366,26
DA:367,26
DA:368,26
DA:369,26
DA:370,26
DA:371,26
DA:372,26
DA:373,26
DA:374,26
DA:375,26
DA:376,26
DA:377,26
DA:378,26
DA:379,26
DA:380,26
DA:381,26
DA:382,26
DA:383,26
DA:384,26
DA:385,26
DA:386,26
DA:387,26
DA:388,1
DA:389,1
DA:390,1
DA:391,1
DA:392,1
DA:393,1
DA:394,52
DA:395,52
DA:396,1
DA:397,1
DA:398,1
DA:399,1
DA:400,1
DA:401,78
DA:402,78
DA:403,78
DA:404,78
DA:405,78
DA:406,78
DA:407,76
DA:408,76
DA:409,2
DA:410,2
DA:411,2
DA:412,2
DA:413,2
DA:414,2
DA:415,2
DA:416,2
DA:417,2
DA:418,2
DA:419,78
DA:420,1
DA:421,1
DA:422,1
DA:423,1
DA:424,1
DA:425,1
DA:426,78
DA:427,78
DA:428,78
DA:429,78
DA:430,78
DA:431,78
DA:432,78
DA:433,78
DA:434,78
DA:435,104
DA:436,62
DA:437,62
DA:438,62
DA:439,104
DA:440,78
DA:441,78
DA:442,78
DA:443,1
DA:444,1
DA:445,1
DA:446,1
DA:447,1
DA:448,78
DA:449,78
DA:450,78
DA:451,78
DA:452,78
DA:453,76
DA:454,76
DA:455,2
DA:456,2
DA:457,2
DA:458,2
DA:459,2
DA:460,2
DA:461,2
DA:462,2
DA:463,2
DA:464,78
DA:465,1
DA:466,1
DA:467,1
DA:468,1
DA:469,1
DA:470,1
DA:471,78
DA:472,78
DA:473,78
DA:474,78
DA:475,78
DA:476,78
DA:477,78
DA:478,78
DA:479,78
DA:480,104
DA:481,62
DA:482,62
DA:483,62
DA:484,104
DA:485,78
DA:486,78
DA:487,78
DA:488,1
DA:489,1
DA:490,1
DA:491,1
DA:492,1
DA:493,1
DA:494,1
DA:495,1
DA:496,1
DA:497,1
DA:498,1
DA:499,1
DA:500,1
DA:501,1
DA:502,1
DA:503,1
DA:504,1
DA:505,1
DA:506,1
DA:507,1
DA:508,1
DA:509,1
DA:510,1
DA:511,1
DA:512,1
DA:513,1
DA:514,1
DA:515,1
DA:516,1
DA:517,1
DA:518,1
DA:519,1
DA:520,1
DA:521,1
DA:522,1
DA:523,1
DA:524,1
DA:525,1
DA:526,1
DA:527,1
DA:528,1
DA:529,1
DA:530,1
DA:531,1
DA:532,1
DA:533,1
DA:534,1
DA:535,1
DA:536,1
DA:537,1
DA:538,1
DA:539,1
DA:540,1
DA:541,1
DA:542,1
DA:543,1
DA:544,1
DA:545,1
DA:546,1
DA:547,1
DA:548,1
DA:549,1
DA:550,1
DA:551,1
DA:552,1
DA:553,1
DA:554,1
DA:555,1
DA:556,1
DA:557,1
DA:558,1
DA:559,1
DA:560,1
DA:561,1
DA:562,1
DA:563,1
DA:564,1
DA:565,1
DA:566,33
DA:567,33
DA:568,33
DA:569,33
DA:570,33
DA:571,33
DA:572,33
DA:573,33
DA:574,33
DA:575,33
DA:576,33
DA:577,33
DA:578,33
DA:579,33
DA:580,33
DA:581,33
DA:582,33
DA:583,33
DA:584,33
DA:585,1
DA:586,1
DA:587,1
DA:588,1
DA:589,1
DA:590,1
DA:591,1
DA:592,1
DA:593,1
DA:594,1
DA:595,1
DA:596,1
DA:597,1
DA:598,1
DA:599,1
DA:600,1
DA:601,1
DA:602,33
DA:603,33
DA:604,33
DA:605,33
DA:606,33
DA:607,33
DA:608,33
DA:609,33
DA:610,33
DA:611,33
DA:612,33
DA:613,33
DA:614,33
DA:615,33
DA:616,33
DA:617,33
DA:618,33
DA:619,1
DA:620,1
DA:621,1
DA:622,1
DA:623,1
DA:624,1
DA:625,1
DA:626,1
DA:627,1
DA:628,1
DA:629,1
DA:630,1
DA:631,1
DA:632,1
DA:633,0
DA:634,0
DA:635,0
DA:636,0
DA:637,0
DA:638,0
DA:639,0
DA:640,0
DA:641,0
DA:642,1
DA:643,1
DA:644,1
DA:645,1
DA:646,1
DA:647,1
DA:648,1
DA:649,1
DA:650,33
DA:651,33
DA:652,33
DA:653,33
DA:654,33
DA:655,33
DA:656,33
DA:657,33
DA:658,33
DA:659,33
DA:660,33
DA:661,33
DA:662,33
DA:663,1
DA:664,1
DA:665,1
DA:666,1
DA:667,1
DA:668,1
DA:669,1
DA:670,1
DA:671,33
DA:672,33
DA:673,33
DA:674,33
DA:675,33
DA:676,33
DA:677,33
DA:678,33
DA:679,33
DA:680,33
DA:681,33
DA:682,33
DA:683,33
DA:684,1
DA:685,1
DA:686,1
DA:687,1
DA:688,1
DA:689,1
DA:690,1
DA:691,1
DA:692,1
DA:693,1
DA:694,1
DA:695,1
DA:696,1
DA:697,1
DA:698,1
DA:699,1
DA:700,1
DA:701,1
DA:702,1
DA:703,66
DA:704,66
DA:705,66
DA:706,66
DA:707,66
DA:708,66
DA:709,66
DA:710,66
DA:711,66
DA:712,66
DA:713,66
DA:714,66
DA:715,66
DA:716,66
DA:717,66
DA:718,66
DA:719,66
DA:720,66
DA:721,66
DA:722,66
DA:723,66
DA:724,66
DA:725,66
DA:726,66
DA:727,66
DA:728,66
DA:729,66
DA:730,66
DA:731,66
DA:732,66
DA:733,66
DA:734,66
DA:735,66
DA:736,66
DA:737,66
DA:738,66
DA:739,66
DA:740,66
DA:741,66
DA:742,66
DA:743,66
DA:744,66
DA:745,66
DA:746,66
DA:747,66
DA:748,1
DA:749,1
DA:750,1
DA:751,1
DA:752,1
DA:753,1
DA:754,1
DA:755,1
DA:756,1
DA:757,1
DA:758,594
DA:759,594
DA:760,0
DA:761,0
DA:762,594
DA:763,594
DA:764,594
DA:765,594
DA:766,594
DA:767,594
DA:768,594
DA:769,594
DA:770,594
DA:771,594
DA:772,594
DA:773,594
DA:774,1
DA:775,1
DA:776,1
DA:777,1
DA:778,1
DA:779,1
DA:780,66
DA:781,64
DA:782,64
DA:783,2
DA:784,2
DA:785,2
DA:786,2
DA:787,2
DA:788,2
DA:789,2
DA:790,2
DA:791,2
DA:792,2
DA:793,2
DA:794,2
DA:795,2
DA:796,2
DA:797,2
DA:798,2
DA:799,2
DA:800,2
DA:801,2
DA:802,2
DA:803,2
DA:804,2
DA:805,66
DA:806,1
DA:807,1
DA:808,1
DA:809,1
DA:810,1
DA:811,1
DA:812,1
DA:813,1
DA:814,1
DA:815,66
DA:816,66
DA:817,66
DA:818,1
DA:819,1
DA:820,1
DA:821,1
DA:822,1
DA:823,1
DA:824,346
DA:825,346
DA:826,346
DA:827,1
DA:828,1
DA:829,1
DA:830,1
DA:831,1
DA:832,1
DA:833,1
DA:834,1
DA:835,313
DA:836,0
DA:837,0
DA:838,313
DA:839,313
DA:840,313
DA:841,313
DA:842,313
DA:843,313
DA:844,313
DA:845,313
DA:846,313
DA:847,313
DA:848,313
DA:849,313
DA:850,1
DA:851,1
DA:852,1
DA:853,1
DA:854,1
DA:855,1
DA:856,1
DA:857,33
DA:858,33
DA:859,33
DA:860,33
DA:861,33
DA:862,33
DA:863,33
DA:864,33
DA:865,33
DA:866,33
DA:867,33
DA:868,33
DA:869,33
DA:870,33
DA:871,33
DA:872,33
DA:873,33
DA:874,33
DA:875,247
DA:876,247
DA:877,247
DA:878,247
DA:879,247
DA:880,247
DA:881,247
DA:882,247
DA:883,247
DA:884,0
DA:885,0
DA:886,0
DA:887,247
DA:888,247
DA:889,247
DA:890,247
DA:891,247
DA:892,33
DA:893,33
DA:894,33
DA:895,1
DA:896,1
DA:897,1
DA:898,1
DA:899,1
DA:900,1
DA:901,1
DA:902,1
DA:903,1
DA:904,1
DA:905,1
DA:906,1
DA:907,66
DA:908,66
DA:909,1
DA:910,1
DA:911,33
DA:912,33
DA:913,1
DA:914,1
DA:915,33
DA:916,33
DA:917,1
DA:918,1
DA:919,0
DA:920,0
DA:921,1
DA:922,1
DA:923,1
DA:924,1
DA:925,1
DA:926,1
DA:927,346
DA:928,346
DA:929,334
DA:930,334
DA:931,12
DA:932,12
DA:933,346
DA:934,1
DA:935,1
DA:936,1
DA:937,1
DA:938,1
DA:939,1
DA:940,1
DA:941,313
DA:942,313
DA:943,313
DA:944,313
DA:945,313
DA:946,313
DA:947,313
DA:948,313
DA:949,313
DA:950,313
DA:951,14
DA:952,14
DA:953,313
DA:954,313
DA:955,313
DA:956,313
DA:957,1
DA:958,1
DA:959,1
DA:960,1
DA:961,1
DA:962,1
DA:963,1
DA:964,313
DA:965,313
DA:966,313
DA:967,313
DA:968,313
DA:969,313
DA:970,313
DA:971,313
DA:972,313
DA:973,313
DA:974,313
DA:975,313
DA:976,313
DA:977,313
DA:978,313
DA:979,0
DA:980,0
DA:981,313
DA:982,313
DA:983,313
DA:984,1
DA:985,1
DA:986,1
DA:987,1
DA:988,1
DA:989,1
DA:990,1
DA:991,313
DA:992,313
DA:993,1
DA:994,1
DA:995,1
DA:996,1
DA:997,1
DA:998,1
DA:999,1
DA:1000,1
DA:1001,1
DA:1002,1
DA:1003,1
DA:1004,313
DA:1005,59
DA:1006,59
DA:1007,313
DA:1008,0
DA:1009,0
DA:1010,254
DA:1011,254
DA:1012,254
DA:1013,254
DA:1014,313
DA:1015,195
DA:1016,195
DA:1017,254
DA:1018,254
DA:1019,313
DA:1020,1
DA:1021,1
DA:1022,1
DA:1023,1
DA:1024,1
DA:1025,1
DA:1026,1
DA:1027,313
DA:1028,313
DA:1029,313
DA:1030,313
DA:1031,313
DA:1032,313
DA:1033,313
DA:1034,313
DA:1035,313
DA:1036,1
DA:1037,1
DA:1038,1
DA:1039,1
DA:1040,1
DA:1041,1
DA:1042,1
DA:1043,1
DA:1044,1
DA:1045,1
DA:1046,1
DA:1047,1
DA:1048,1
DA:1049,66
DA:1050,66
DA:1051,1
DA:1052,1
DA:1053,33
DA:1054,33
DA:1055,1
DA:1056,1
DA:1057,33
DA:1058,33
DA:1059,1
DA:1060,1
DA:1061,33
DA:1062,33
DA:1063,1
DA:1064,1
DA:1065,1
DA:1066,1
DA:1067,1
DA:1068,1
DA:1069,346
DA:1070,346
DA:1071,334
DA:1072,334
DA:1073,12
DA:1074,12
DA:1075,346
DA:1076,1
DA:1077,1
DA:1078,1
DA:1079,1
DA:1080,1
DA:1081,1
DA:1082,1
DA:1083,313
DA:1084,313
DA:1085,313
DA:1086,313
DA:1087,313
DA:1088,313
DA:1089,313
DA:1090,313
DA:1091,313
DA:1092,313
DA:1093,313
DA:1094,313
DA:1095,1
DA:1096,1
DA:1097,1
DA:1098,1
DA:1099,1
DA:1100,1
DA:1101,1
DA:1102,1
DA:1103,313
DA:1104,313
DA:1105,313
DA:1106,216
DA:1107,216
DA:1108,216
DA:1109,313
DA:1110,313
DA:1111,1
DA:1112,1
DA:1113,1
DA:1114,1
DA:1115,1
DA:1116,1
DA:1117,1
DA:1118,313
DA:1119,313
DA:1120,313
DA:1121,313
DA:1122,313
DA:1123,313
DA:1124,313
DA:1125,313
DA:1126,313
DA:1127,313
DA:1128,313
DA:1129,313
DA:1130,313
DA:1131,313
DA:1132,313
DA:1133,313
DA:1134,5
DA:1135,5
DA:1136,308
DA:1137,308
DA:1138,313
DA:1139,1
DA:1140,1
DA:1141,1
DA:1142,1
DA:1143,1
DA:1144,1
DA:1145,1
DA:1146,1
DA:1147,1
DA:1148,1
DA:1149,1
DA:1150,313
DA:1151,59
DA:1152,59
DA:1153,313
DA:1154,0
DA:1155,0
DA:1156,254
DA:1157,254
DA:1158,254
DA:1159,254
DA:1160,313
DA:1161,184
DA:1162,184
DA:1163,254
DA:1164,254
DA:1165,313
DA:1166,1
DA:1167,1
DA:1168,1
DA:1169,1
DA:1170,1
DA:1171,1
DA:1172,1
DA:1173,313
DA:1174,313
DA:1175,313
DA:1176,127
DA:1177,127
DA:1178,53
DA:1179,53
DA:1180,127
DA:1181,313
DA:1182,313
DA:1183,313
DA:1184,313
DA:1185,313
DA:1186,1
DA:1187,1
DA:1188,1
DA:1189,1
DA:1190,1
DA:1191,1
DA:1192,1
DA:1193,313
DA:1194,313
DA:1195,313
DA:1196,313
DA:1197,313
DA:1198,313
DA:1199,313
DA:1200,313
DA:1201,313
DA:1202,1
DA:1203,1
DA:1204,1
DA:1205,1
DA:1206,1
DA:1207,1
DA:1208,1
DA:1209,1
DA:1210,1
DA:1211,1
DA:1212,1
DA:1213,0
DA:1214,0
DA:1215,0
DA:1216,0
DA:1217,0
DA:1218,0
DA:1219,1
DA:1220,1
DA:1221,1
DA:1222,1
DA:1223,1
DA:1224,1
DA:1225,1
DA:1226,1
DA:1227,1
DA:1228,1
DA:1229,50
DA:1230,50
DA:1231,1
DA:1232,1
DA:1233,1
DA:1234,1
DA:1235,1
DA:1236,1
DA:1237,1
DA:1238,1
DA:1239,6
DA:1240,6
DA:1241,6
DA:1242,26
DA:1243,26
DA:1244,26
DA:1245,20
DA:1246,20
DA:1247,20
DA:1248,26
DA:1249,6
DA:1250,6
DA:1251,6
DA:1252,1
DA:1253,1
DA:1254,1
DA:1255,1
DA:1256,1
DA:1257,1
DA:1258,1
DA:1259,2257
DA:1260,2257
DA:1261,2257
DA:1262,2257
DA:1263,2257
DA:1264,2257
DA:1265,2257
DA:1266,2257
DA:1267,1
DA:1268,1
DA:1269,1
DA:1270,1
DA:1271,1
DA:1272,1
DA:1273,1
DA:1274,1
DA:1275,692
DA:1276,692
DA:1277,692
DA:1278,1
DA:1279,1
DA:1280,1
DA:1281,1
DA:1282,1
DA:1283,1
DA:1284,1
DA:1285,1
DA:1286,2949
DA:1287,2949
DA:1288,2949
DA:1289,8127
DA:1290,2949
DA:1291,2949
DA:1292,8127
DA:1293,0
DA:1294,2949
DA:1295,1
DA:1296,1
DA:1297,1
DA:1298,1
DA:1299,1
DA:1300,1
DA:1301,1
DA:1302,1
LF:1302
LH:1268
BRDA:1,0,0,1
BRDA:20,1,0,95
BRDA:32,2,0,1
BRDA:86,3,0,33
BRDA:121,4,0,0
BRDA:124,5,0,0
BRDA:127,6,0,0
BRDA:135,7,0,0
BRDA:154,8,0,130
BRDA:204,9,0,346
BRDA:208,10,0,313
BRDA:216,11,0,208
BRDA:225,12,0,26
BRDA:269,13,0,52
BRDA:279,14,0,130
BRDA:336,15,0,208
BRDA:345,16,0,26
BRDA:393,17,0,52
BRDA:400,18,0,78
BRDA:406,19,0,16
BRDA:406,20,0,76
BRDA:409,21,0,2
BRDA:425,22,0,78
BRDA:434,23,0,104
BRDA:435,24,0,62
BRDA:447,25,0,78
BRDA:452,26,0,16
BRDA:452,27,0,76
BRDA:455,28,0,2
BRDA:470,29,0,78
BRDA:479,30,0,104
BRDA:480,31,0,62
BRDA:566,32,0,33
BRDA:567,33,0,1
BRDA:602,34,0,33
BRDA:649,35,0,33
BRDA:670,36,0,33
BRDA:702,37,0,66
BRDA:703,38,0,0
BRDA:704,39,0,0
BRDA:715,40,0,0
BRDA:716,41,0,0
BRDA:717,42,0,0
BRDA:726,43,0,66
BRDA:757,44,0,594
BRDA:759,45,0,0
BRDA:763,46,0,0
BRDA:768,47,0,66
BRDA:768,48,0,528
BRDA:779,49,0,66
BRDA:780,50,0,64
BRDA:783,51,0,2
BRDA:814,52,0,66
BRDA:823,53,0,346
BRDA:834,54,0,313
BRDA:835,55,0,0
BRDA:856,56,0,33
BRDA:874,57,0,247
BRDA:874,58,0,247
BRDA:878,59,0,7
BRDA:883,60,0,0
BRDA:890,61,0,7
BRDA:906,62,0,66
BRDA:910,63,0,33
BRDA:914,64,0,33
BRDA:926,65,0,346
BRDA:928,66,0,334
BRDA:931,67,0,12
BRDA:940,68,0,313
BRDA:950,69,0,14
BRDA:963,70,0,313
BRDA:965,71,0,104
BRDA:966,72,0,209
BRDA:978,73,0,0
BRDA:990,74,0,313
BRDA:1003,75,0,313
BRDA:1004,76,0,59
BRDA:1007,77,0,254
BRDA:1007,78,0,0
BRDA:1010,79,0,254
BRDA:1014,80,0,195
BRDA:1017,81,0,254
BRDA:1026,82,0,313
BRDA:1029,83,0,207
BRDA:1030,84,0,106
BRDA:1034,85,0,228
BRDA:1034,86,0,85
BRDA:1048,87,0,66
BRDA:1052,88,0,33
BRDA:1056,89,0,33
BRDA:1060,90,0,33
BRDA:1068,91,0,346
BRDA:1070,92,0,334
BRDA:1073,93,0,12
BRDA:1082,94,0,313
BRDA:1102,95,0,313
BRDA:1105,96,0,216
BRDA:1107,97,0,205
BRDA:1107,98,0,11
BRDA:1117,99,0,313
BRDA:1119,100,0,0
BRDA:1133,101,0,5
BRDA:1136,102,0,308
BRDA:1149,103,0,313
BRDA:1150,104,0,59
BRDA:1153,105,0,254
BRDA:1153,106,0,0
BRDA:1156,107,0,254
BRDA:1160,108,0,184
BRDA:1163,109,0,254
BRDA:1172,110,0,313
BRDA:1175,111,0,127
BRDA:1177,112,0,53
BRDA:1192,113,0,313
BRDA:1195,114,0,215
BRDA:1196,115,0,98
BRDA:1200,116,0,228
BRDA:1200,117,0,85
BRDA:1228,118,0,50
BRDA:1238,119,0,6
BRDA:1241,120,0,26
BRDA:1244,121,0,20
BRDA:1258,122,0,2257
BRDA:1274,123,0,692
BRDA:1285,124,0,2949
BRDA:1288,125,0,8127
BRDA:1289,126,0,2949
BRDA:1293,127,0,0
BRF:128
BRH:110
end_of_record
